<?xml version="1.0" encoding="UTF-8"?>
<!-- Generated by org.testng.reporters.JUnitReportReporter -->
<testsuite hostname="HRISHIKESHSALU" failures="0" tests="1" name="com.obsqura.TestNG.RadioButtonsDemo" time="6.162" errors="0" timestamp="2023-03-03T00:56:38 IST" skipped="0">
  <testcase classname="com.obsqura.TestNG.RadioButtonsDemo" name="groupRadioButtonDemo" time="6.162"/>
  <system-out/>
</testsuite> <!-- com.obsqura.TestNG.RadioButtonsDemo -->
