<?xml version="1.0" encoding="UTF-8"?>
<!-- Generated by org.testng.reporters.JUnitReportReporter -->
<testsuite hostname="HRISHIKESHSALU" failures="0" tests="1" name="com.obsqura.TestNG.CountString" time="8.653" errors="0" timestamp="2023-02-19T12:33:26 IST" skipped="0">
  <testcase classname="com.obsqura.TestNG.CountString" name="countString" time="8.653"/>
  <system-out/>
</testsuite> <!-- com.obsqura.TestNG.CountString -->
