<?xml version="1.0" encoding="UTF-8"?>
<!-- Generated by org.testng.reporters.JUnitReportReporter -->
<testsuite hostname="HRISHIKESHSALU" failures="0" tests="1" name="com.obsqura.TestNG.Sample" time="14.802" errors="0" timestamp="2023-02-17T20:20:43 IST" skipped="0">
  <testcase classname="com.obsqura.TestNG.Sample" name="navigateTo" time="14.802"/>
  <system-out/>
</testsuite> <!-- com.obsqura.TestNG.Sample -->
