<?xml version="1.0" encoding="UTF-8"?>
<!-- Generated by org.testng.reporters.JUnitReportReporter -->
<testsuite hostname="HRISHIKESHSALU" failures="0" tests="2" name="com.obsqura.TestNG.TestNGAnnotations" time="31.042" errors="0" timestamp="2023-02-16T20:37:08 IST" skipped="0">
  <testcase classname="com.obsqura.TestNG.TestNGAnnotations" name="testcase2" time="17.321"/>
  <system-out/>
  <testcase classname="com.obsqura.TestNG.TestNGAnnotations" name="testcase1" time="13.721"/>
  <system-out/>
</testsuite> <!-- com.obsqura.TestNG.TestNGAnnotations -->
