<?xml version="1.0" encoding="UTF-8"?>
<!-- Generated by org.testng.reporters.JUnitReportReporter -->
<testsuite hostname="HRISHIKESHSALU" failures="0" tests="1" name="com.obsqura.TestNG.CheckBoxDemo" time="6.248" errors="0" timestamp="2023-03-03T01:22:46 IST" skipped="0">
  <testcase classname="com.obsqura.TestNG.CheckBoxDemo" name="checkBoxDemo" time="6.248"/>
  <system-out/>
</testsuite> <!-- com.obsqura.TestNG.CheckBoxDemo -->
