<?xml version="1.0" encoding="UTF-8"?>
<!-- Generated by org.testng.reporters.JUnitReportReporter -->
<testsuite hostname="HRISHIKESHSALU" failures="0" tests="1" name="com.obsqura.TestNG.SelectInput" time="5.029" errors="0" timestamp="2023-03-03T21:13:25 IST" skipped="0">
  <testcase classname="com.obsqura.TestNG.SelectInput" name="selectInputDemo" time="5.029"/>
  <system-out/>
</testsuite> <!-- com.obsqura.TestNG.SelectInput -->
