<?xml version="1.0" encoding="UTF-8"?>
<!-- Generated by org.testng.reporters.JUnitReportReporter -->
<testsuite hostname="HRISHIKESHSALU" failures="0" tests="1" name="com.obsqura.TestNG.HardAssertCommands" time="16.611" errors="0" timestamp="2023-02-17T15:10:17 IST" skipped="0">
  <testcase classname="com.obsqura.TestNG.HardAssertCommands" name="hardAssert" time="16.611"/>
  <system-out/>
</testsuite> <!-- com.obsqura.TestNG.HardAssertCommands -->
