<?xml version="1.0" encoding="UTF-8"?>
<!-- Generated by org.testng.reporters.JUnitReportReporter -->
<testsuite hostname="HRISHIKESHSALU" failures="0" tests="1" name="com.obsqura.TestNG.Base" time="42.141" errors="0" timestamp="2023-02-14T20:47:03 IST" skipped="0">
  <testcase classname="com.obsqura.TestNG.Base" name="testCase" time="42.141"/>
  <system-out/>
</testsuite> <!-- com.obsqura.TestNG.Base -->
