<?xml version="1.0" encoding="UTF-8"?>
<!-- Generated by org.testng.reporters.JUnitReportReporter -->
<testsuite hostname="HRISHIKESHSALU" failures="0" tests="1" name="com.obsqura.TestNG.BrowserCommands" time="19.005" errors="0" timestamp="2023-02-14T21:29:55 IST" skipped="0">
  <testcase classname="com.obsqura.TestNG.BrowserCommands" name="verifyTitle" time="19.005"/>
  <system-out/>
</testsuite> <!-- com.obsqura.TestNG.BrowserCommands -->
