<?xml version="1.0" encoding="UTF-8"?>
<!-- Generated by org.testng.reporters.JUnitReportReporter -->
<testsuite hostname="HRISHIKESHSALU" failures="0" tests="3" name="com.obsqura.TestNG.NavigateCommands" time="41.618" errors="0" timestamp="2023-02-15T20:42:21 IST" skipped="0">
  <testcase classname="com.obsqura.TestNG.NavigateCommands" name="navigateForward" time="13.389"/>
  <system-out/>
  <testcase classname="com.obsqura.TestNG.NavigateCommands" name="navigateTo" time="12.877"/>
  <system-out/>
  <testcase classname="com.obsqura.TestNG.NavigateCommands" name="navigateBack" time="15.352"/>
  <system-out/>
</testsuite> <!-- com.obsqura.TestNG.NavigateCommands -->
